<?xml version="1.0" encoding="UTF-8"?>
<!-- Generated by org.testng.reporters.JUnitXMLReporter -->
<testsuite hostname="LAPTOP-6UQRT7G3" ignored="0" name="Default test" tests="3" failures="0" timestamp="2022-05-17T21:51:24 IST" time="0.041" errors="0">
  <testcase name="evergreenTest" time="0.007" classname="cucumber.fruitTest"/>
  <testcase name="seasonalTest" time="0.001" classname="cucumber.fruitTest"/>
  <testcase name="tropicalTest" time="0.001" classname="cucumber.fruitTest"/>
</testsuite> <!-- Default test -->
