<?xml version="1.0" encoding="UTF-8"?>
<testsuite xmlns:xsi="http://www.w3.org/2001/XMLSchema-instance" xsi:noNamespaceSchemaLocation="https://maven.apache.org/surefire/maven-surefire-plugin/xsd/surefire-test-report-3.0.xsd" version="3.0" name="TestSuite" time="0.475" tests="3" errors="0" skipped="0" failures="0">
  <properties>
[...]
</properties>
  <testcase name="monsoon" classname="cucumber.seasons" time="0.005">
    <system-out><![CDATA[weather is rainy in this season
]]></system-out>
    <system-err><![CDATA[SLF4J: Failed to load class "org.slf4j.impl.StaticLoggerBinder".
SLF4J: Defaulting to no-operation (NOP) logger implementation
SLF4J: See http://www.slf4j.org/codes.html#StaticLoggerBinder for further details.
]]></system-err>
  </testcase>
  <testcase name="summer" classname="cucumber.seasons" time="0.001">
    <system-out><![CDATA[weather is hot in this season
]]></system-out>
  </testcase>
  <testcase name="winter" classname="cucumber.seasons" time="0.002">
    <system-out><![CDATA[weather is cold in this season
]]></system-out>
  </testcase>
</testsuite>