<?xml version="1.0" encoding="UTF-8"?>
<testng-results skipped="0" failed="0" ignored="0" total="3" passed="3">
  <reporter-output>
  </reporter-output>
  <suite name="Default suite" duration-ms="41" started-at="2022-05-17T21:51:24 IST" finished-at="2022-05-17T21:51:24 IST">
    <groups>
    </groups>
    <test name="Default test" duration-ms="41" started-at="2022-05-17T21:51:24 IST" finished-at="2022-05-17T21:51:24 IST">
      <class name="cucumber.fruitTest">
        <test-method status="PASS" signature="evergreenTest()[pri:0, instance:cucumber.fruitTest@131276c2]" name="evergreenTest" duration-ms="7" started-at="2022-05-17T21:51:24 IST" finished-at="2022-05-17T21:51:24 IST">
          <reporter-output>
          </reporter-output>
        </test-method> <!-- evergreenTest -->
        <test-method status="PASS" signature="seasonalTest()[pri:0, instance:cucumber.fruitTest@131276c2]" name="seasonalTest" duration-ms="1" started-at="2022-05-17T21:51:24 IST" finished-at="2022-05-17T21:51:24 IST">
          <reporter-output>
          </reporter-output>
        </test-method> <!-- seasonalTest -->
        <test-method status="PASS" signature="tropicalTest()[pri:0, instance:cucumber.fruitTest@131276c2]" name="tropicalTest" duration-ms="1" started-at="2022-05-17T21:51:24 IST" finished-at="2022-05-17T21:51:24 IST">
          <reporter-output>
          </reporter-output>
        </test-method> <!-- tropicalTest -->
      </class> <!-- cucumber.fruitTest -->
    </test> <!-- Default test -->
  </suite> <!-- Default suite -->
</testng-results>
